<?xml version="1.0" encoding="UTF-8"?>
<flow xmlns="http://www.springframework.org/schema/webflow"
	xmlns:xsi="http://www.w3.org/2001/XMLSchema-instance"
	xsi:schemaLocation="http://www.springframework.org/schema/webflow
        http://www.springframework.org/schema/webflow/spring-webflow-2.0.xsd"
    start-state="one">
    
    <!-- flow scope variable -->
	<var name="user" class="net.marioosh.springstarter.model.entities.User"/>
	
	<input name="msg"/>
	
	<view-state id="one">
		<on-entry>
			<evaluate expression="user.setLogin(user.getLogin()+'one;')"/>
			<set name="flowScope.msg1" value="'Message from Page 1'"/>
		</on-entry>
		<transition on="two" to="two"/>
		<transition on="home" to="home"/>
		<transition on="end" to="end"/>
	</view-state>
	
	<view-state id="two">
		<on-entry>
			<evaluate expression="user.setLogin(user.getLogin()+'two;')"/>
			<set name="flowScope.msg1" value="'Message from Page 2'"/>
		</on-entry>
		<transition on="one" to="one"/>
		<transition on="home" to="home"/>
	</view-state>
	
	<!-- redirecty -->
	<end-state id="home" view="externalRedirect:contextRelative:/home/#{msg1}" />
	
	<end-state id="end">
		<output name="output" value="flowScope.user" type="net.marioosh.springstarter.model.entities.User"/>
	</end-state>
	
</flow>