<?xml version="1.0" encoding="UTF-8"?>
<flow xmlns="http://www.springframework.org/schema/webflow"
	xmlns:xsi="http://www.w3.org/2001/XMLSchema-instance"
	xsi:schemaLocation="http://www.springframework.org/schema/webflow
        http://www.springframework.org/schema/webflow/spring-webflow-2.0.xsd"
    start-state="one">
    
    <!-- flow scope variable -->
	<var name="user" class="net.marioosh.springstarter.model.entities.User"/>
	
	<input name="msg"/>
	
	<view-state id="one" model="user">
		<on-entry>
			<set name="flowScope.msg1" value="'Message from Page 1'"/>
		</on-entry>
		<transition on="two" to="two"/>
		<transition on="end" to="end" validate="false"/>
	</view-state>
	
	<view-state id="two" model="user">
		<on-entry>
			<set name="flowScope.msg1" value="'Message from Page 2'"/>
		</on-entry>
		<transition on="one" to="one"/>
		<transition on="three" to="three"/>
	</view-state>
	
	<view-state id="three" model="user">
		<transition on="two" to="two"/>
	</view-state>
	
	<!-- redirecty -->
	<end-state id="home" view="externalRedirect:contextRelative:/home/#{msg1}" />
	
	<end-state id="end">
		<output name="output" value="flowScope.user" type="net.marioosh.springstarter.model.entities.User"/>
	</end-state>
	
	<global-transitions>
		<transition on="home" to="home" validate="false"/>	
	</global-transitions>
	
</flow>